<?xml version="1.0" encoding="UTF-8"?>
<!-- Generated by org.testng.reporters.JUnitReportReporter -->
<testsuite hostname="ajsingh-T450" name="test.Search_valid_data" tests="1" failures="0" timestamp="23 Sep 2016 17:15:49 GMT" time="42.518" errors="0">
  <testcase name="Search_valid_data" time="42.518" classname="test.Search_valid_data"/>
</testsuite> <!-- test.Search_valid_data -->
