<?xml version="1.0" encoding="UTF-8"?>
<!-- Generated by org.testng.reporters.JUnitReportReporter -->
<testsuite hostname="ajsingh-T450" name="test.Search_invalid_data" tests="1" failures="0" timestamp="23 Sep 2016 17:20:08 GMT" time="13.160" errors="0">
  <testcase name="Search_valid_data" time="13.160" classname="test.Search_invalid_data"/>
</testsuite> <!-- test.Search_invalid_data -->
